<?xml version="1.0" encoding="UTF-8"?>
<testsuite xmlns:xsi="http://www.w3.org/2001/XMLSchema-instance" xsi:noNamespaceSchemaLocation="https://maven.apache.org/surefire/maven-surefire-plugin/xsd/surefire-test-report.xsd" name="com.festuskerich.graphqlspringboot.GraphqlSpringbootApplicationTests" time="1.542" tests="1" errors="0" skipped="0" failures="0">
  <properties>
    <property name="java.specification.version" value="19"/>
    <property name="sun.jnu.encoding" value="UTF-8"/>
    <property name="java.class.path" value="/Users/festus.kerich/kerich/graphql-springboot/target/test-classes:/Users/festus.kerich/kerich/graphql-springboot/target/classes:/Users/festus.kerich/.m2/repository/org/springframework/boot/spring-boot-starter-data-r2dbc/3.0.5/spring-boot-starter-data-r2dbc-3.0.5.jar:/Users/festus.kerich/.m2/repository/org/springframework/boot/spring-boot-starter/3.0.5/spring-boot-starter-3.0.5.jar:/Users/festus.kerich/.m2/repository/org/springframework/boot/spring-boot/3.0.5/spring-boot-3.0.5.jar:/Users/festus.kerich/.m2/repository/org/springframework/boot/spring-boot-autoconfigure/3.0.5/spring-boot-autoconfigure-3.0.5.jar:/Users/festus.kerich/.m2/repository/org/springframework/boot/spring-boot-starter-logging/3.0.5/spring-boot-starter-logging-3.0.5.jar:/Users/festus.kerich/.m2/repository/ch/qos/logback/logback-classic/1.4.6/logback-classic-1.4.6.jar:/Users/festus.kerich/.m2/repository/ch/qos/logback/logback-core/1.4.6/logback-core-1.4.6.jar:/Users/festus.kerich/.m2/repository/org/apache/logging/log4j/log4j-to-slf4j/2.19.0/log4j-to-slf4j-2.19.0.jar:/Users/festus.kerich/.m2/repository/org/apache/logging/log4j/log4j-api/2.19.0/log4j-api-2.19.0.jar:/Users/festus.kerich/.m2/repository/org/slf4j/jul-to-slf4j/2.0.7/jul-to-slf4j-2.0.7.jar:/Users/festus.kerich/.m2/repository/jakarta/annotation/jakarta.annotation-api/2.1.1/jakarta.annotation-api-2.1.1.jar:/Users/festus.kerich/.m2/repository/org/yaml/snakeyaml/1.33/snakeyaml-1.33.jar:/Users/festus.kerich/.m2/repository/org/springframework/data/spring-data-r2dbc/3.0.4/spring-data-r2dbc-3.0.4.jar:/Users/festus.kerich/.m2/repository/org/springframework/data/spring-data-relational/3.0.4/spring-data-relational-3.0.4.jar:/Users/festus.kerich/.m2/repository/org/springframework/data/spring-data-commons/3.0.4/spring-data-commons-3.0.4.jar:/Users/festus.kerich/.m2/repository/org/springframework/spring-tx/6.0.7/spring-tx-6.0.7.jar:/Users/festus.kerich/.m2/repository/org/springframework/spring-beans/6.0.7/spring-beans-6.0.7.jar:/Users/festus.kerich/.m2/repository/org/springframework/spring-jdbc/6.0.7/spring-jdbc-6.0.7.jar:/Users/festus.kerich/.m2/repository/org/springframework/spring-r2dbc/6.0.7/spring-r2dbc-6.0.7.jar:/Users/festus.kerich/.m2/repository/org/slf4j/slf4j-api/2.0.7/slf4j-api-2.0.7.jar:/Users/festus.kerich/.m2/repository/io/r2dbc/r2dbc-spi/1.0.0.RELEASE/r2dbc-spi-1.0.0.RELEASE.jar:/Users/festus.kerich/.m2/repository/org/reactivestreams/reactive-streams/1.0.4/reactive-streams-1.0.4.jar:/Users/festus.kerich/.m2/repository/io/r2dbc/r2dbc-pool/1.0.0.RELEASE/r2dbc-pool-1.0.0.RELEASE.jar:/Users/festus.kerich/.m2/repository/io/projectreactor/addons/reactor-pool/1.0.0/reactor-pool-1.0.0.jar:/Users/festus.kerich/.m2/repository/org/springframework/boot/spring-boot-starter-graphql/3.0.5/spring-boot-starter-graphql-3.0.5.jar:/Users/festus.kerich/.m2/repository/org/springframework/boot/spring-boot-starter-json/3.0.5/spring-boot-starter-json-3.0.5.jar:/Users/festus.kerich/.m2/repository/com/fasterxml/jackson/core/jackson-databind/2.14.2/jackson-databind-2.14.2.jar:/Users/festus.kerich/.m2/repository/com/fasterxml/jackson/core/jackson-annotations/2.14.2/jackson-annotations-2.14.2.jar:/Users/festus.kerich/.m2/repository/com/fasterxml/jackson/core/jackson-core/2.14.2/jackson-core-2.14.2.jar:/Users/festus.kerich/.m2/repository/com/fasterxml/jackson/datatype/jackson-datatype-jdk8/2.14.2/jackson-datatype-jdk8-2.14.2.jar:/Users/festus.kerich/.m2/repository/com/fasterxml/jackson/datatype/jackson-datatype-jsr310/2.14.2/jackson-datatype-jsr310-2.14.2.jar:/Users/festus.kerich/.m2/repository/com/fasterxml/jackson/module/jackson-module-parameter-names/2.14.2/jackson-module-parameter-names-2.14.2.jar:/Users/festus.kerich/.m2/repository/org/springframework/graphql/spring-graphql/1.1.3/spring-graphql-1.1.3.jar:/Users/festus.kerich/.m2/repository/io/micrometer/context-propagation/1.0.2/context-propagation-1.0.2.jar:/Users/festus.kerich/.m2/repository/org/springframework/boot/spring-boot-starter-webflux/3.0.5/spring-boot-starter-webflux-3.0.5.jar:/Users/festus.kerich/.m2/repository/org/springframework/boot/spring-boot-starter-reactor-netty/3.0.5/spring-boot-starter-reactor-netty-3.0.5.jar:/Users/festus.kerich/.m2/repository/io/projectreactor/netty/reactor-netty-http/1.1.5/reactor-netty-http-1.1.5.jar:/Users/festus.kerich/.m2/repository/io/netty/netty-codec-http/4.1.90.Final/netty-codec-http-4.1.90.Final.jar:/Users/festus.kerich/.m2/repository/io/netty/netty-common/4.1.90.Final/netty-common-4.1.90.Final.jar:/Users/festus.kerich/.m2/repository/io/netty/netty-buffer/4.1.90.Final/netty-buffer-4.1.90.Final.jar:/Users/festus.kerich/.m2/repository/io/netty/netty-transport/4.1.90.Final/netty-transport-4.1.90.Final.jar:/Users/festus.kerich/.m2/repository/io/netty/netty-codec/4.1.90.Final/netty-codec-4.1.90.Final.jar:/Users/festus.kerich/.m2/repository/io/netty/netty-handler/4.1.90.Final/netty-handler-4.1.90.Final.jar:/Users/festus.kerich/.m2/repository/io/netty/netty-codec-http2/4.1.90.Final/netty-codec-http2-4.1.90.Final.jar:/Users/festus.kerich/.m2/repository/io/netty/netty-resolver-dns/4.1.90.Final/netty-resolver-dns-4.1.90.Final.jar:/Users/festus.kerich/.m2/repository/io/netty/netty-resolver/4.1.90.Final/netty-resolver-4.1.90.Final.jar:/Users/festus.kerich/.m2/repository/io/netty/netty-codec-dns/4.1.90.Final/netty-codec-dns-4.1.90.Final.jar:/Users/festus.kerich/.m2/repository/io/netty/netty-resolver-dns-native-macos/4.1.90.Final/netty-resolver-dns-native-macos-4.1.90.Final-osx-x86_64.jar:/Users/festus.kerich/.m2/repository/io/netty/netty-resolver-dns-classes-macos/4.1.90.Final/netty-resolver-dns-classes-macos-4.1.90.Final.jar:/Users/festus.kerich/.m2/repository/io/netty/netty-transport-native-epoll/4.1.90.Final/netty-transport-native-epoll-4.1.90.Final-linux-x86_64.jar:/Users/festus.kerich/.m2/repository/io/netty/netty-transport-native-unix-common/4.1.90.Final/netty-transport-native-unix-common-4.1.90.Final.jar:/Users/festus.kerich/.m2/repository/io/netty/netty-transport-classes-epoll/4.1.90.Final/netty-transport-classes-epoll-4.1.90.Final.jar:/Users/festus.kerich/.m2/repository/io/projectreactor/netty/reactor-netty-core/1.1.5/reactor-netty-core-1.1.5.jar:/Users/festus.kerich/.m2/repository/io/netty/netty-handler-proxy/4.1.90.Final/netty-handler-proxy-4.1.90.Final.jar:/Users/festus.kerich/.m2/repository/io/netty/netty-codec-socks/4.1.90.Final/netty-codec-socks-4.1.90.Final.jar:/Users/festus.kerich/.m2/repository/org/springframework/spring-web/6.0.7/spring-web-6.0.7.jar:/Users/festus.kerich/.m2/repository/io/micrometer/micrometer-observation/1.10.5/micrometer-observation-1.10.5.jar:/Users/festus.kerich/.m2/repository/io/micrometer/micrometer-commons/1.10.5/micrometer-commons-1.10.5.jar:/Users/festus.kerich/.m2/repository/org/springframework/spring-webflux/6.0.7/spring-webflux-6.0.7.jar:/Users/festus.kerich/.m2/repository/com/h2database/h2/2.1.214/h2-2.1.214.jar:/Users/festus.kerich/.m2/repository/io/r2dbc/r2dbc-h2/1.0.0.RELEASE/r2dbc-h2-1.0.0.RELEASE.jar:/Users/festus.kerich/.m2/repository/io/projectreactor/reactor-core/3.5.4/reactor-core-3.5.4.jar:/Users/festus.kerich/.m2/repository/org/springframework/boot/spring-boot-starter-test/3.0.5/spring-boot-starter-test-3.0.5.jar:/Users/festus.kerich/.m2/repository/org/springframework/boot/spring-boot-test/3.0.5/spring-boot-test-3.0.5.jar:/Users/festus.kerich/.m2/repository/org/springframework/boot/spring-boot-test-autoconfigure/3.0.5/spring-boot-test-autoconfigure-3.0.5.jar:/Users/festus.kerich/.m2/repository/com/jayway/jsonpath/json-path/2.7.0/json-path-2.7.0.jar:/Users/festus.kerich/.m2/repository/net/minidev/json-smart/2.4.10/json-smart-2.4.10.jar:/Users/festus.kerich/.m2/repository/net/minidev/accessors-smart/2.4.9/accessors-smart-2.4.9.jar:/Users/festus.kerich/.m2/repository/org/ow2/asm/asm/9.3/asm-9.3.jar:/Users/festus.kerich/.m2/repository/jakarta/xml/bind/jakarta.xml.bind-api/4.0.0/jakarta.xml.bind-api-4.0.0.jar:/Users/festus.kerich/.m2/repository/jakarta/activation/jakarta.activation-api/2.1.1/jakarta.activation-api-2.1.1.jar:/Users/festus.kerich/.m2/repository/org/assertj/assertj-core/3.23.1/assertj-core-3.23.1.jar:/Users/festus.kerich/.m2/repository/net/bytebuddy/byte-buddy/1.12.23/byte-buddy-1.12.23.jar:/Users/festus.kerich/.m2/repository/org/hamcrest/hamcrest/2.2/hamcrest-2.2.jar:/Users/festus.kerich/.m2/repository/org/junit/jupiter/junit-jupiter/5.9.2/junit-jupiter-5.9.2.jar:/Users/festus.kerich/.m2/repository/org/junit/jupiter/junit-jupiter-api/5.9.2/junit-jupiter-api-5.9.2.jar:/Users/festus.kerich/.m2/repository/org/opentest4j/opentest4j/1.2.0/opentest4j-1.2.0.jar:/Users/festus.kerich/.m2/repository/org/junit/platform/junit-platform-commons/1.9.2/junit-platform-commons-1.9.2.jar:/Users/festus.kerich/.m2/repository/org/apiguardian/apiguardian-api/1.1.2/apiguardian-api-1.1.2.jar:/Users/festus.kerich/.m2/repository/org/junit/jupiter/junit-jupiter-params/5.9.2/junit-jupiter-params-5.9.2.jar:/Users/festus.kerich/.m2/repository/org/junit/jupiter/junit-jupiter-engine/5.9.2/junit-jupiter-engine-5.9.2.jar:/Users/festus.kerich/.m2/repository/org/junit/platform/junit-platform-engine/1.9.2/junit-platform-engine-1.9.2.jar:/Users/festus.kerich/.m2/repository/org/mockito/mockito-core/4.8.1/mockito-core-4.8.1.jar:/Users/festus.kerich/.m2/repository/net/bytebuddy/byte-buddy-agent/1.12.23/byte-buddy-agent-1.12.23.jar:/Users/festus.kerich/.m2/repository/org/objenesis/objenesis/3.2/objenesis-3.2.jar:/Users/festus.kerich/.m2/repository/org/mockito/mockito-junit-jupiter/4.8.1/mockito-junit-jupiter-4.8.1.jar:/Users/festus.kerich/.m2/repository/org/skyscreamer/jsonassert/1.5.1/jsonassert-1.5.1.jar:/Users/festus.kerich/.m2/repository/com/vaadin/external/google/android-json/0.0.20131108.vaadin1/android-json-0.0.20131108.vaadin1.jar:/Users/festus.kerich/.m2/repository/org/springframework/spring-core/6.0.7/spring-core-6.0.7.jar:/Users/festus.kerich/.m2/repository/org/springframework/spring-jcl/6.0.7/spring-jcl-6.0.7.jar:/Users/festus.kerich/.m2/repository/org/springframework/spring-test/6.0.7/spring-test-6.0.7.jar:/Users/festus.kerich/.m2/repository/org/xmlunit/xmlunit-core/2.9.1/xmlunit-core-2.9.1.jar:/Users/festus.kerich/.m2/repository/io/projectreactor/reactor-test/3.5.4/reactor-test-3.5.4.jar:/Users/festus.kerich/.m2/repository/org/springframework/graphql/spring-graphql-test/1.1.3/spring-graphql-test-1.1.3.jar:/Users/festus.kerich/.m2/repository/com/graphql-java/graphql-java/19.4/graphql-java-19.4.jar:/Users/festus.kerich/.m2/repository/com/graphql-java/java-dataloader/3.2.0/java-dataloader-3.2.0.jar:/Users/festus.kerich/.m2/repository/org/springframework/spring-context/6.0.7/spring-context-6.0.7.jar:/Users/festus.kerich/.m2/repository/org/springframework/spring-aop/6.0.7/spring-aop-6.0.7.jar:/Users/festus.kerich/.m2/repository/org/springframework/spring-expression/6.0.7/spring-expression-6.0.7.jar:"/>
    <property name="java.vm.vendor" value="Homebrew"/>
    <property name="sun.arch.data.model" value="64"/>
    <property name="java.vendor.url" value="https://github.com/Homebrew/homebrew-core/issues"/>
    <property name="os.name" value="Mac OS X"/>
    <property name="java.vm.specification.version" value="19"/>
    <property name="sun.java.launcher" value="SUN_STANDARD"/>
    <property name="user.country" value="KE"/>
    <property name="sun.boot.library.path" value="/opt/homebrew/Cellar/openjdk/19.0.2/libexec/openjdk.jdk/Contents/Home/lib"/>
    <property name="sun.java.command" value="/Users/festus.kerich/kerich/graphql-springboot/target/surefire/surefirebooter14807624528513168726.jar /Users/festus.kerich/kerich/graphql-springboot/target/surefire 2023-04-15T12-31-01_939-jvmRun1 surefire10305763594750809639tmp surefire_017105812571921277672tmp"/>
    <property name="http.nonProxyHosts" value="local|*.local|169.254/16|*.169.254/16"/>
    <property name="jdk.debug" value="release"/>
    <property name="surefire.test.class.path" value="/Users/festus.kerich/kerich/graphql-springboot/target/test-classes:/Users/festus.kerich/kerich/graphql-springboot/target/classes:/Users/festus.kerich/.m2/repository/org/springframework/boot/spring-boot-starter-data-r2dbc/3.0.5/spring-boot-starter-data-r2dbc-3.0.5.jar:/Users/festus.kerich/.m2/repository/org/springframework/boot/spring-boot-starter/3.0.5/spring-boot-starter-3.0.5.jar:/Users/festus.kerich/.m2/repository/org/springframework/boot/spring-boot/3.0.5/spring-boot-3.0.5.jar:/Users/festus.kerich/.m2/repository/org/springframework/boot/spring-boot-autoconfigure/3.0.5/spring-boot-autoconfigure-3.0.5.jar:/Users/festus.kerich/.m2/repository/org/springframework/boot/spring-boot-starter-logging/3.0.5/spring-boot-starter-logging-3.0.5.jar:/Users/festus.kerich/.m2/repository/ch/qos/logback/logback-classic/1.4.6/logback-classic-1.4.6.jar:/Users/festus.kerich/.m2/repository/ch/qos/logback/logback-core/1.4.6/logback-core-1.4.6.jar:/Users/festus.kerich/.m2/repository/org/apache/logging/log4j/log4j-to-slf4j/2.19.0/log4j-to-slf4j-2.19.0.jar:/Users/festus.kerich/.m2/repository/org/apache/logging/log4j/log4j-api/2.19.0/log4j-api-2.19.0.jar:/Users/festus.kerich/.m2/repository/org/slf4j/jul-to-slf4j/2.0.7/jul-to-slf4j-2.0.7.jar:/Users/festus.kerich/.m2/repository/jakarta/annotation/jakarta.annotation-api/2.1.1/jakarta.annotation-api-2.1.1.jar:/Users/festus.kerich/.m2/repository/org/yaml/snakeyaml/1.33/snakeyaml-1.33.jar:/Users/festus.kerich/.m2/repository/org/springframework/data/spring-data-r2dbc/3.0.4/spring-data-r2dbc-3.0.4.jar:/Users/festus.kerich/.m2/repository/org/springframework/data/spring-data-relational/3.0.4/spring-data-relational-3.0.4.jar:/Users/festus.kerich/.m2/repository/org/springframework/data/spring-data-commons/3.0.4/spring-data-commons-3.0.4.jar:/Users/festus.kerich/.m2/repository/org/springframework/spring-tx/6.0.7/spring-tx-6.0.7.jar:/Users/festus.kerich/.m2/repository/org/springframework/spring-beans/6.0.7/spring-beans-6.0.7.jar:/Users/festus.kerich/.m2/repository/org/springframework/spring-jdbc/6.0.7/spring-jdbc-6.0.7.jar:/Users/festus.kerich/.m2/repository/org/springframework/spring-r2dbc/6.0.7/spring-r2dbc-6.0.7.jar:/Users/festus.kerich/.m2/repository/org/slf4j/slf4j-api/2.0.7/slf4j-api-2.0.7.jar:/Users/festus.kerich/.m2/repository/io/r2dbc/r2dbc-spi/1.0.0.RELEASE/r2dbc-spi-1.0.0.RELEASE.jar:/Users/festus.kerich/.m2/repository/org/reactivestreams/reactive-streams/1.0.4/reactive-streams-1.0.4.jar:/Users/festus.kerich/.m2/repository/io/r2dbc/r2dbc-pool/1.0.0.RELEASE/r2dbc-pool-1.0.0.RELEASE.jar:/Users/festus.kerich/.m2/repository/io/projectreactor/addons/reactor-pool/1.0.0/reactor-pool-1.0.0.jar:/Users/festus.kerich/.m2/repository/org/springframework/boot/spring-boot-starter-graphql/3.0.5/spring-boot-starter-graphql-3.0.5.jar:/Users/festus.kerich/.m2/repository/org/springframework/boot/spring-boot-starter-json/3.0.5/spring-boot-starter-json-3.0.5.jar:/Users/festus.kerich/.m2/repository/com/fasterxml/jackson/core/jackson-databind/2.14.2/jackson-databind-2.14.2.jar:/Users/festus.kerich/.m2/repository/com/fasterxml/jackson/core/jackson-annotations/2.14.2/jackson-annotations-2.14.2.jar:/Users/festus.kerich/.m2/repository/com/fasterxml/jackson/core/jackson-core/2.14.2/jackson-core-2.14.2.jar:/Users/festus.kerich/.m2/repository/com/fasterxml/jackson/datatype/jackson-datatype-jdk8/2.14.2/jackson-datatype-jdk8-2.14.2.jar:/Users/festus.kerich/.m2/repository/com/fasterxml/jackson/datatype/jackson-datatype-jsr310/2.14.2/jackson-datatype-jsr310-2.14.2.jar:/Users/festus.kerich/.m2/repository/com/fasterxml/jackson/module/jackson-module-parameter-names/2.14.2/jackson-module-parameter-names-2.14.2.jar:/Users/festus.kerich/.m2/repository/org/springframework/graphql/spring-graphql/1.1.3/spring-graphql-1.1.3.jar:/Users/festus.kerich/.m2/repository/io/micrometer/context-propagation/1.0.2/context-propagation-1.0.2.jar:/Users/festus.kerich/.m2/repository/org/springframework/boot/spring-boot-starter-webflux/3.0.5/spring-boot-starter-webflux-3.0.5.jar:/Users/festus.kerich/.m2/repository/org/springframework/boot/spring-boot-starter-reactor-netty/3.0.5/spring-boot-starter-reactor-netty-3.0.5.jar:/Users/festus.kerich/.m2/repository/io/projectreactor/netty/reactor-netty-http/1.1.5/reactor-netty-http-1.1.5.jar:/Users/festus.kerich/.m2/repository/io/netty/netty-codec-http/4.1.90.Final/netty-codec-http-4.1.90.Final.jar:/Users/festus.kerich/.m2/repository/io/netty/netty-common/4.1.90.Final/netty-common-4.1.90.Final.jar:/Users/festus.kerich/.m2/repository/io/netty/netty-buffer/4.1.90.Final/netty-buffer-4.1.90.Final.jar:/Users/festus.kerich/.m2/repository/io/netty/netty-transport/4.1.90.Final/netty-transport-4.1.90.Final.jar:/Users/festus.kerich/.m2/repository/io/netty/netty-codec/4.1.90.Final/netty-codec-4.1.90.Final.jar:/Users/festus.kerich/.m2/repository/io/netty/netty-handler/4.1.90.Final/netty-handler-4.1.90.Final.jar:/Users/festus.kerich/.m2/repository/io/netty/netty-codec-http2/4.1.90.Final/netty-codec-http2-4.1.90.Final.jar:/Users/festus.kerich/.m2/repository/io/netty/netty-resolver-dns/4.1.90.Final/netty-resolver-dns-4.1.90.Final.jar:/Users/festus.kerich/.m2/repository/io/netty/netty-resolver/4.1.90.Final/netty-resolver-4.1.90.Final.jar:/Users/festus.kerich/.m2/repository/io/netty/netty-codec-dns/4.1.90.Final/netty-codec-dns-4.1.90.Final.jar:/Users/festus.kerich/.m2/repository/io/netty/netty-resolver-dns-native-macos/4.1.90.Final/netty-resolver-dns-native-macos-4.1.90.Final-osx-x86_64.jar:/Users/festus.kerich/.m2/repository/io/netty/netty-resolver-dns-classes-macos/4.1.90.Final/netty-resolver-dns-classes-macos-4.1.90.Final.jar:/Users/festus.kerich/.m2/repository/io/netty/netty-transport-native-epoll/4.1.90.Final/netty-transport-native-epoll-4.1.90.Final-linux-x86_64.jar:/Users/festus.kerich/.m2/repository/io/netty/netty-transport-native-unix-common/4.1.90.Final/netty-transport-native-unix-common-4.1.90.Final.jar:/Users/festus.kerich/.m2/repository/io/netty/netty-transport-classes-epoll/4.1.90.Final/netty-transport-classes-epoll-4.1.90.Final.jar:/Users/festus.kerich/.m2/repository/io/projectreactor/netty/reactor-netty-core/1.1.5/reactor-netty-core-1.1.5.jar:/Users/festus.kerich/.m2/repository/io/netty/netty-handler-proxy/4.1.90.Final/netty-handler-proxy-4.1.90.Final.jar:/Users/festus.kerich/.m2/repository/io/netty/netty-codec-socks/4.1.90.Final/netty-codec-socks-4.1.90.Final.jar:/Users/festus.kerich/.m2/repository/org/springframework/spring-web/6.0.7/spring-web-6.0.7.jar:/Users/festus.kerich/.m2/repository/io/micrometer/micrometer-observation/1.10.5/micrometer-observation-1.10.5.jar:/Users/festus.kerich/.m2/repository/io/micrometer/micrometer-commons/1.10.5/micrometer-commons-1.10.5.jar:/Users/festus.kerich/.m2/repository/org/springframework/spring-webflux/6.0.7/spring-webflux-6.0.7.jar:/Users/festus.kerich/.m2/repository/com/h2database/h2/2.1.214/h2-2.1.214.jar:/Users/festus.kerich/.m2/repository/io/r2dbc/r2dbc-h2/1.0.0.RELEASE/r2dbc-h2-1.0.0.RELEASE.jar:/Users/festus.kerich/.m2/repository/io/projectreactor/reactor-core/3.5.4/reactor-core-3.5.4.jar:/Users/festus.kerich/.m2/repository/org/springframework/boot/spring-boot-starter-test/3.0.5/spring-boot-starter-test-3.0.5.jar:/Users/festus.kerich/.m2/repository/org/springframework/boot/spring-boot-test/3.0.5/spring-boot-test-3.0.5.jar:/Users/festus.kerich/.m2/repository/org/springframework/boot/spring-boot-test-autoconfigure/3.0.5/spring-boot-test-autoconfigure-3.0.5.jar:/Users/festus.kerich/.m2/repository/com/jayway/jsonpath/json-path/2.7.0/json-path-2.7.0.jar:/Users/festus.kerich/.m2/repository/net/minidev/json-smart/2.4.10/json-smart-2.4.10.jar:/Users/festus.kerich/.m2/repository/net/minidev/accessors-smart/2.4.9/accessors-smart-2.4.9.jar:/Users/festus.kerich/.m2/repository/org/ow2/asm/asm/9.3/asm-9.3.jar:/Users/festus.kerich/.m2/repository/jakarta/xml/bind/jakarta.xml.bind-api/4.0.0/jakarta.xml.bind-api-4.0.0.jar:/Users/festus.kerich/.m2/repository/jakarta/activation/jakarta.activation-api/2.1.1/jakarta.activation-api-2.1.1.jar:/Users/festus.kerich/.m2/repository/org/assertj/assertj-core/3.23.1/assertj-core-3.23.1.jar:/Users/festus.kerich/.m2/repository/net/bytebuddy/byte-buddy/1.12.23/byte-buddy-1.12.23.jar:/Users/festus.kerich/.m2/repository/org/hamcrest/hamcrest/2.2/hamcrest-2.2.jar:/Users/festus.kerich/.m2/repository/org/junit/jupiter/junit-jupiter/5.9.2/junit-jupiter-5.9.2.jar:/Users/festus.kerich/.m2/repository/org/junit/jupiter/junit-jupiter-api/5.9.2/junit-jupiter-api-5.9.2.jar:/Users/festus.kerich/.m2/repository/org/opentest4j/opentest4j/1.2.0/opentest4j-1.2.0.jar:/Users/festus.kerich/.m2/repository/org/junit/platform/junit-platform-commons/1.9.2/junit-platform-commons-1.9.2.jar:/Users/festus.kerich/.m2/repository/org/apiguardian/apiguardian-api/1.1.2/apiguardian-api-1.1.2.jar:/Users/festus.kerich/.m2/repository/org/junit/jupiter/junit-jupiter-params/5.9.2/junit-jupiter-params-5.9.2.jar:/Users/festus.kerich/.m2/repository/org/junit/jupiter/junit-jupiter-engine/5.9.2/junit-jupiter-engine-5.9.2.jar:/Users/festus.kerich/.m2/repository/org/junit/platform/junit-platform-engine/1.9.2/junit-platform-engine-1.9.2.jar:/Users/festus.kerich/.m2/repository/org/mockito/mockito-core/4.8.1/mockito-core-4.8.1.jar:/Users/festus.kerich/.m2/repository/net/bytebuddy/byte-buddy-agent/1.12.23/byte-buddy-agent-1.12.23.jar:/Users/festus.kerich/.m2/repository/org/objenesis/objenesis/3.2/objenesis-3.2.jar:/Users/festus.kerich/.m2/repository/org/mockito/mockito-junit-jupiter/4.8.1/mockito-junit-jupiter-4.8.1.jar:/Users/festus.kerich/.m2/repository/org/skyscreamer/jsonassert/1.5.1/jsonassert-1.5.1.jar:/Users/festus.kerich/.m2/repository/com/vaadin/external/google/android-json/0.0.20131108.vaadin1/android-json-0.0.20131108.vaadin1.jar:/Users/festus.kerich/.m2/repository/org/springframework/spring-core/6.0.7/spring-core-6.0.7.jar:/Users/festus.kerich/.m2/repository/org/springframework/spring-jcl/6.0.7/spring-jcl-6.0.7.jar:/Users/festus.kerich/.m2/repository/org/springframework/spring-test/6.0.7/spring-test-6.0.7.jar:/Users/festus.kerich/.m2/repository/org/xmlunit/xmlunit-core/2.9.1/xmlunit-core-2.9.1.jar:/Users/festus.kerich/.m2/repository/io/projectreactor/reactor-test/3.5.4/reactor-test-3.5.4.jar:/Users/festus.kerich/.m2/repository/org/springframework/graphql/spring-graphql-test/1.1.3/spring-graphql-test-1.1.3.jar:/Users/festus.kerich/.m2/repository/com/graphql-java/graphql-java/19.4/graphql-java-19.4.jar:/Users/festus.kerich/.m2/repository/com/graphql-java/java-dataloader/3.2.0/java-dataloader-3.2.0.jar:/Users/festus.kerich/.m2/repository/org/springframework/spring-context/6.0.7/spring-context-6.0.7.jar:/Users/festus.kerich/.m2/repository/org/springframework/spring-aop/6.0.7/spring-aop-6.0.7.jar:/Users/festus.kerich/.m2/repository/org/springframework/spring-expression/6.0.7/spring-expression-6.0.7.jar:"/>
    <property name="sun.cpu.endian" value="little"/>
    <property name="user.home" value="/Users/festus.kerich"/>
    <property name="user.language" value="en"/>
    <property name="java.specification.vendor" value="Oracle Corporation"/>
    <property name="java.version.date" value="2023-01-17"/>
    <property name="java.home" value="/opt/homebrew/Cellar/openjdk/19.0.2/libexec/openjdk.jdk/Contents/Home"/>
    <property name="file.separator" value="/"/>
    <property name="basedir" value="/Users/festus.kerich/kerich/graphql-springboot"/>
    <property name="java.vm.compressedOopsMode" value="Zero based"/>
    <property name="line.separator" value="&#10;"/>
    <property name="java.vm.specification.vendor" value="Oracle Corporation"/>
    <property name="java.specification.name" value="Java Platform API Specification"/>
    <property name="apple.awt.application.name" value="ForkedBooter"/>
    <property name="surefire.real.class.path" value="/Users/festus.kerich/kerich/graphql-springboot/target/surefire/surefirebooter14807624528513168726.jar"/>
    <property name="sun.management.compiler" value="HotSpot 64-Bit Tiered Compilers"/>
    <property name="ftp.nonProxyHosts" value="local|*.local|169.254/16|*.169.254/16"/>
    <property name="java.runtime.version" value="19.0.2"/>
    <property name="user.name" value="festus.kerich"/>
    <property name="stdout.encoding" value="UTF-8"/>
    <property name="path.separator" value=":"/>
    <property name="os.version" value="13.3.1"/>
    <property name="java.runtime.name" value="OpenJDK Runtime Environment"/>
    <property name="file.encoding" value="UTF-8"/>
    <property name="java.vm.name" value="OpenJDK 64-Bit Server VM"/>
    <property name="java.vendor.version" value="Homebrew"/>
    <property name="localRepository" value="/Users/festus.kerich/.m2/repository"/>
    <property name="java.vendor.url.bug" value="https://github.com/Homebrew/homebrew-core/issues"/>
    <property name="java.io.tmpdir" value="/var/folders/nz/4t7kpd0s7wlbdq2xy66prkgh0000gq/T/"/>
    <property name="java.version" value="19.0.2"/>
    <property name="user.dir" value="/Users/festus.kerich/kerich/graphql-springboot"/>
    <property name="os.arch" value="aarch64"/>
    <property name="java.vm.specification.name" value="Java Virtual Machine Specification"/>
    <property name="native.encoding" value="UTF-8"/>
    <property name="java.library.path" value="/Users/festus.kerich/Library/Java/Extensions:/Library/Java/Extensions:/Network/Library/Java/Extensions:/System/Library/Java/Extensions:/usr/lib/java:."/>
    <property name="java.vm.info" value="mixed mode, sharing"/>
    <property name="stderr.encoding" value="UTF-8"/>
    <property name="java.vendor" value="Homebrew"/>
    <property name="java.vm.version" value="19.0.2"/>
    <property name="sun.io.unicode.encoding" value="UnicodeBig"/>
    <property name="socksNonProxyHosts" value="local|*.local|169.254/16|*.169.254/16"/>
    <property name="java.class.version" value="63.0"/>
  </properties>
  <testcase name="contextLoads" classname="com.festuskerich.graphqlspringboot.GraphqlSpringbootApplicationTests" time="0.19"/>
</testsuite>